{"/home/usuario/prct06-generics-solid-Adrian-LD/src/ejercicio-clase.ts": {"path":"/home/usuario/prct06-generics-solid-Adrian-LD/src/ejercicio-clase.ts","all":false,"statementMap":{"5":{"start":{"line":6,"column":0},"end":{"line":6,"column":77}},"6":{"start":{"line":7,"column":0},"end":{"line":7,"column":26}},"8":{"start":{"line":9,"column":0},"end":{"line":9,"column":39}},"9":{"start":{"line":10,"column":0},"end":{"line":10,"column":30}},"10":{"start":{"line":11,"column":0},"end":{"line":11,"column":3}},"12":{"start":{"line":13,"column":0},"end":{"line":13,"column":29}},"13":{"start":{"line":14,"column":0},"end":{"line":14,"column":22}},"14":{"start":{"line":15,"column":0},"end":{"line":15,"column":3}},"16":{"start":{"line":17,"column":0},"end":{"line":17,"column":26}},"17":{"start":{"line":18,"column":0},"end":{"line":18,"column":26}},"18":{"start":{"line":19,"column":0},"end":{"line":19,"column":3}},"20":{"start":{"line":21,"column":0},"end":{"line":21,"column":66}},"21":{"start":{"line":22,"column":0},"end":{"line":22,"column":20}},"22":{"start":{"line":23,"column":0},"end":{"line":23,"column":65}},"23":{"start":{"line":24,"column":0},"end":{"line":24,"column":12}},"24":{"start":{"line":25,"column":0},"end":{"line":25,"column":56}},"25":{"start":{"line":26,"column":0},"end":{"line":26,"column":5}},"26":{"start":{"line":27,"column":0},"end":{"line":27,"column":3}},"30":{"start":{"line":31,"column":0},"end":{"line":31,"column":1}},"38":{"start":{"line":39,"column":0},"end":{"line":39,"column":72}},"39":{"start":{"line":40,"column":0},"end":{"line":40,"column":39}},"40":{"start":{"line":41,"column":0},"end":{"line":41,"column":72}},"41":{"start":{"line":42,"column":0},"end":{"line":42,"column":3}},"43":{"start":{"line":44,"column":0},"end":{"line":44,"column":39}},"44":{"start":{"line":45,"column":0},"end":{"line":45,"column":66}},"45":{"start":{"line":46,"column":0},"end":{"line":46,"column":3}},"47":{"start":{"line":48,"column":0},"end":{"line":48,"column":33}},"48":{"start":{"line":49,"column":0},"end":{"line":49,"column":104}},"49":{"start":{"line":50,"column":0},"end":{"line":50,"column":3}},"50":{"start":{"line":51,"column":0},"end":{"line":51,"column":1}},"58":{"start":{"line":59,"column":0},"end":{"line":59,"column":72}},"59":{"start":{"line":60,"column":0},"end":{"line":60,"column":39}},"60":{"start":{"line":61,"column":0},"end":{"line":61,"column":72}},"61":{"start":{"line":62,"column":0},"end":{"line":62,"column":3}},"63":{"start":{"line":64,"column":0},"end":{"line":64,"column":39}},"64":{"start":{"line":65,"column":0},"end":{"line":65,"column":66}},"65":{"start":{"line":66,"column":0},"end":{"line":66,"column":3}},"67":{"start":{"line":68,"column":0},"end":{"line":68,"column":33}},"68":{"start":{"line":69,"column":0},"end":{"line":69,"column":106}},"69":{"start":{"line":70,"column":0},"end":{"line":70,"column":3}},"70":{"start":{"line":71,"column":0},"end":{"line":71,"column":1}},"78":{"start":{"line":79,"column":0},"end":{"line":79,"column":85}},"79":{"start":{"line":80,"column":0},"end":{"line":80,"column":45}},"80":{"start":{"line":81,"column":0},"end":{"line":81,"column":68}},"81":{"start":{"line":82,"column":0},"end":{"line":82,"column":3}},"83":{"start":{"line":84,"column":0},"end":{"line":84,"column":45}},"84":{"start":{"line":85,"column":0},"end":{"line":85,"column":62}},"85":{"start":{"line":86,"column":0},"end":{"line":86,"column":3}},"87":{"start":{"line":88,"column":0},"end":{"line":88,"column":39}},"88":{"start":{"line":89,"column":0},"end":{"line":89,"column":100}},"89":{"start":{"line":90,"column":0},"end":{"line":90,"column":3}},"90":{"start":{"line":91,"column":0},"end":{"line":91,"column":1}}},"s":{"5":1,"6":1,"8":1,"9":12,"10":12,"12":1,"13":12,"14":12,"16":1,"17":3,"18":3,"20":1,"21":3,"22":3,"23":3,"24":0,"25":0,"26":3,"30":1,"38":1,"39":1,"40":3,"41":3,"43":1,"44":1,"45":1,"47":1,"48":1,"49":1,"50":1,"58":1,"59":1,"60":3,"61":3,"63":1,"64":1,"65":1,"67":1,"68":1,"69":1,"70":1,"78":1,"79":1,"80":3,"81":3,"83":1,"84":1,"85":1,"87":1,"88":1,"89":1,"90":1},"branchMap":{"0":{"type":"branch","line":7,"loc":{"start":{"line":7,"column":10},"end":{"line":7,"column":26}},"locations":[{"start":{"line":7,"column":10},"end":{"line":7,"column":26}}]},"1":{"type":"branch","line":9,"loc":{"start":{"line":9,"column":2},"end":{"line":11,"column":3}},"locations":[{"start":{"line":9,"column":2},"end":{"line":11,"column":3}}]},"2":{"type":"branch","line":13,"loc":{"start":{"line":13,"column":12},"end":{"line":15,"column":3}},"locations":[{"start":{"line":13,"column":12},"end":{"line":15,"column":3}}]},"3":{"type":"branch","line":17,"loc":{"start":{"line":17,"column":2},"end":{"line":19,"column":3}},"locations":[{"start":{"line":17,"column":2},"end":{"line":19,"column":3}}]},"4":{"type":"branch","line":21,"loc":{"start":{"line":21,"column":2},"end":{"line":27,"column":3}},"locations":[{"start":{"line":21,"column":2},"end":{"line":27,"column":3}}]},"5":{"type":"branch","line":24,"loc":{"start":{"line":24,"column":4},"end":{"line":26,"column":5}},"locations":[{"start":{"line":24,"column":4},"end":{"line":26,"column":5}}]},"6":{"type":"branch","line":23,"loc":{"start":{"line":23,"column":37},"end":{"line":23,"column":63}},"locations":[{"start":{"line":23,"column":37},"end":{"line":23,"column":63}}]},"7":{"type":"branch","line":40,"loc":{"start":{"line":40,"column":2},"end":{"line":42,"column":3}},"locations":[{"start":{"line":40,"column":2},"end":{"line":42,"column":3}}]},"8":{"type":"branch","line":41,"loc":{"start":{"line":41,"column":34},"end":{"line":41,"column":70}},"locations":[{"start":{"line":41,"column":34},"end":{"line":41,"column":70}}]},"9":{"type":"branch","line":44,"loc":{"start":{"line":44,"column":2},"end":{"line":46,"column":3}},"locations":[{"start":{"line":44,"column":2},"end":{"line":46,"column":3}}]},"10":{"type":"branch","line":45,"loc":{"start":{"line":45,"column":34},"end":{"line":45,"column":64}},"locations":[{"start":{"line":45,"column":34},"end":{"line":45,"column":64}}]},"11":{"type":"branch","line":48,"loc":{"start":{"line":48,"column":2},"end":{"line":50,"column":3}},"locations":[{"start":{"line":48,"column":2},"end":{"line":50,"column":3}}]},"12":{"type":"branch","line":49,"loc":{"start":{"line":49,"column":27},"end":{"line":49,"column":102}},"locations":[{"start":{"line":49,"column":27},"end":{"line":49,"column":102}}]},"13":{"type":"branch","line":49,"loc":{"start":{"line":49,"column":50},"end":{"line":49,"column":79}},"locations":[{"start":{"line":49,"column":50},"end":{"line":49,"column":79}}]},"14":{"type":"branch","line":49,"loc":{"start":{"line":49,"column":71},"end":{"line":49,"column":102}},"locations":[{"start":{"line":49,"column":71},"end":{"line":49,"column":102}}]},"15":{"type":"branch","line":60,"loc":{"start":{"line":60,"column":2},"end":{"line":62,"column":3}},"locations":[{"start":{"line":60,"column":2},"end":{"line":62,"column":3}}]},"16":{"type":"branch","line":61,"loc":{"start":{"line":61,"column":34},"end":{"line":61,"column":70}},"locations":[{"start":{"line":61,"column":34},"end":{"line":61,"column":70}}]},"17":{"type":"branch","line":64,"loc":{"start":{"line":64,"column":2},"end":{"line":66,"column":3}},"locations":[{"start":{"line":64,"column":2},"end":{"line":66,"column":3}}]},"18":{"type":"branch","line":65,"loc":{"start":{"line":65,"column":34},"end":{"line":65,"column":64}},"locations":[{"start":{"line":65,"column":34},"end":{"line":65,"column":64}}]},"19":{"type":"branch","line":68,"loc":{"start":{"line":68,"column":2},"end":{"line":70,"column":3}},"locations":[{"start":{"line":68,"column":2},"end":{"line":70,"column":3}}]},"20":{"type":"branch","line":69,"loc":{"start":{"line":69,"column":27},"end":{"line":69,"column":104}},"locations":[{"start":{"line":69,"column":27},"end":{"line":69,"column":104}}]},"21":{"type":"branch","line":69,"loc":{"start":{"line":69,"column":50},"end":{"line":69,"column":79}},"locations":[{"start":{"line":69,"column":50},"end":{"line":69,"column":79}}]},"22":{"type":"branch","line":69,"loc":{"start":{"line":69,"column":71},"end":{"line":69,"column":104}},"locations":[{"start":{"line":69,"column":71},"end":{"line":69,"column":104}}]},"23":{"type":"branch","line":80,"loc":{"start":{"line":80,"column":2},"end":{"line":82,"column":3}},"locations":[{"start":{"line":80,"column":2},"end":{"line":82,"column":3}}]},"24":{"type":"branch","line":81,"loc":{"start":{"line":81,"column":34},"end":{"line":81,"column":66}},"locations":[{"start":{"line":81,"column":34},"end":{"line":81,"column":66}}]},"25":{"type":"branch","line":84,"loc":{"start":{"line":84,"column":2},"end":{"line":86,"column":3}},"locations":[{"start":{"line":84,"column":2},"end":{"line":86,"column":3}}]},"26":{"type":"branch","line":85,"loc":{"start":{"line":85,"column":34},"end":{"line":85,"column":60}},"locations":[{"start":{"line":85,"column":34},"end":{"line":85,"column":60}}]},"27":{"type":"branch","line":88,"loc":{"start":{"line":88,"column":2},"end":{"line":90,"column":3}},"locations":[{"start":{"line":88,"column":2},"end":{"line":90,"column":3}}]},"28":{"type":"branch","line":89,"loc":{"start":{"line":89,"column":27},"end":{"line":89,"column":98}},"locations":[{"start":{"line":89,"column":27},"end":{"line":89,"column":98}}]},"29":{"type":"branch","line":89,"loc":{"start":{"line":89,"column":50},"end":{"line":89,"column":79}},"locations":[{"start":{"line":89,"column":50},"end":{"line":89,"column":79}}]},"30":{"type":"branch","line":89,"loc":{"start":{"line":89,"column":71},"end":{"line":89,"column":98}},"locations":[{"start":{"line":89,"column":71},"end":{"line":89,"column":98}}]}},"b":{"0":[12],"1":[12],"2":[12],"3":[3],"4":[3],"5":[0],"6":[9],"7":[3],"8":[9],"9":[1],"10":[3],"11":[1],"12":[3],"13":[1],"14":[1],"15":[3],"16":[9],"17":[1],"18":[3],"19":[1],"20":[3],"21":[1],"22":[1],"23":[3],"24":[9],"25":[1],"26":[3],"27":[1],"28":[3],"29":[1],"30":[1]},"fnMap":{"0":{"name":"<instance_members_initializer>","decl":{"start":{"line":7,"column":10},"end":{"line":7,"column":26}},"loc":{"start":{"line":7,"column":10},"end":{"line":7,"column":26}},"line":7},"1":{"name":"BasicStreamableCollection","decl":{"start":{"line":9,"column":2},"end":{"line":11,"column":3}},"loc":{"start":{"line":9,"column":2},"end":{"line":11,"column":3}},"line":9},"2":{"name":"getItems","decl":{"start":{"line":13,"column":12},"end":{"line":15,"column":3}},"loc":{"start":{"line":13,"column":12},"end":{"line":15,"column":3}},"line":13},"3":{"name":"addItem","decl":{"start":{"line":17,"column":2},"end":{"line":19,"column":3}},"loc":{"start":{"line":17,"column":2},"end":{"line":19,"column":3}},"line":17},"4":{"name":"removeItem","decl":{"start":{"line":21,"column":2},"end":{"line":27,"column":3}},"loc":{"start":{"line":21,"column":2},"end":{"line":27,"column":3}},"line":21},"5":{"name":"searchByName","decl":{"start":{"line":40,"column":2},"end":{"line":42,"column":3}},"loc":{"start":{"line":40,"column":2},"end":{"line":42,"column":3}},"line":40},"6":{"name":"searchByYear","decl":{"start":{"line":44,"column":2},"end":{"line":46,"column":3}},"loc":{"start":{"line":44,"column":2},"end":{"line":46,"column":3}},"line":44},"7":{"name":"removeItem","decl":{"start":{"line":48,"column":2},"end":{"line":50,"column":3}},"loc":{"start":{"line":48,"column":2},"end":{"line":50,"column":3}},"line":48},"8":{"name":"searchByName","decl":{"start":{"line":60,"column":2},"end":{"line":62,"column":3}},"loc":{"start":{"line":60,"column":2},"end":{"line":62,"column":3}},"line":60},"9":{"name":"searchByYear","decl":{"start":{"line":64,"column":2},"end":{"line":66,"column":3}},"loc":{"start":{"line":64,"column":2},"end":{"line":66,"column":3}},"line":64},"10":{"name":"removeItem","decl":{"start":{"line":68,"column":2},"end":{"line":70,"column":3}},"loc":{"start":{"line":68,"column":2},"end":{"line":70,"column":3}},"line":68},"11":{"name":"searchByName","decl":{"start":{"line":80,"column":2},"end":{"line":82,"column":3}},"loc":{"start":{"line":80,"column":2},"end":{"line":82,"column":3}},"line":80},"12":{"name":"searchByYear","decl":{"start":{"line":84,"column":2},"end":{"line":86,"column":3}},"loc":{"start":{"line":84,"column":2},"end":{"line":86,"column":3}},"line":84},"13":{"name":"removeItem","decl":{"start":{"line":88,"column":2},"end":{"line":90,"column":3}},"loc":{"start":{"line":88,"column":2},"end":{"line":90,"column":3}},"line":88}},"f":{"0":12,"1":12,"2":12,"3":3,"4":3,"5":3,"6":1,"7":1,"8":3,"9":1,"10":1,"11":3,"12":1,"13":1}}
,"/home/usuario/prct06-generics-solid-Adrian-LD/src/modificacion.ts": {"path":"/home/usuario/prct06-generics-solid-Adrian-LD/src/modificacion.ts","all":true,"statementMap":{},"s":{},"branchMap":{"0":{"type":"branch","line":1,"loc":{"start":{"line":1,"column":0},"end":{"line":1,"column":0}},"locations":[{"start":{"line":1,"column":0},"end":{"line":1,"column":0}}]}},"b":{"0":[1]},"fnMap":{"0":{"name":"(empty-report)","decl":{"start":{"line":1,"column":0},"end":{"line":1,"column":0}},"loc":{"start":{"line":1,"column":0},"end":{"line":1,"column":0}},"line":1}},"f":{"0":1}}
,"/home/usuario/prct06-generics-solid-Adrian-LD/src/rational.ts": {"path":"/home/usuario/prct06-generics-solid-Adrian-LD/src/rational.ts","all":false,"statementMap":{"9":{"start":{"line":10,"column":0},"end":{"line":10,"column":70}},"10":{"start":{"line":11,"column":0},"end":{"line":11,"column":31}},"12":{"start":{"line":13,"column":0},"end":{"line":13,"column":41}},"13":{"start":{"line":14,"column":0},"end":{"line":14,"column":34}},"14":{"start":{"line":15,"column":0},"end":{"line":15,"column":5}},"16":{"start":{"line":17,"column":0},"end":{"line":17,"column":41}},"17":{"start":{"line":18,"column":0},"end":{"line":18,"column":55}},"18":{"start":{"line":19,"column":0},"end":{"line":19,"column":47}},"19":{"start":{"line":20,"column":0},"end":{"line":20,"column":7}},"20":{"start":{"line":21,"column":0},"end":{"line":21,"column":34}},"21":{"start":{"line":22,"column":0},"end":{"line":22,"column":5}},"23":{"start":{"line":24,"column":0},"end":{"line":24,"column":42}},"24":{"start":{"line":25,"column":0},"end":{"line":25,"column":34}},"25":{"start":{"line":26,"column":0},"end":{"line":26,"column":5}},"26":{"start":{"line":27,"column":0},"end":{"line":27,"column":3}},"29":{"start":{"line":30,"column":0},"end":{"line":30,"column":59}},"30":{"start":{"line":31,"column":0},"end":{"line":31,"column":65}},"32":{"start":{"line":33,"column":0},"end":{"line":33,"column":34}},"33":{"start":{"line":34,"column":0},"end":{"line":34,"column":25}},"34":{"start":{"line":35,"column":0},"end":{"line":35,"column":31}},"35":{"start":{"line":36,"column":0},"end":{"line":36,"column":40}},"36":{"start":{"line":37,"column":0},"end":{"line":37,"column":8}},"37":{"start":{"line":38,"column":0},"end":{"line":38,"column":5}},"39":{"start":{"line":40,"column":0},"end":{"line":40,"column":39}},"40":{"start":{"line":41,"column":0},"end":{"line":41,"column":25}},"41":{"start":{"line":42,"column":0},"end":{"line":42,"column":31}},"42":{"start":{"line":43,"column":0},"end":{"line":43,"column":40}},"43":{"start":{"line":44,"column":0},"end":{"line":44,"column":8}},"44":{"start":{"line":45,"column":0},"end":{"line":45,"column":5}},"46":{"start":{"line":47,"column":0},"end":{"line":47,"column":39}},"47":{"start":{"line":48,"column":0},"end":{"line":48,"column":25}},"48":{"start":{"line":49,"column":0},"end":{"line":49,"column":66}},"49":{"start":{"line":50,"column":0},"end":{"line":50,"column":65}},"50":{"start":{"line":51,"column":0},"end":{"line":51,"column":8}},"51":{"start":{"line":52,"column":0},"end":{"line":52,"column":5}},"53":{"start":{"line":54,"column":0},"end":{"line":54,"column":37}},"54":{"start":{"line":55,"column":0},"end":{"line":55,"column":65}},"55":{"start":{"line":56,"column":0},"end":{"line":56,"column":30}},"56":{"start":{"line":57,"column":0},"end":{"line":57,"column":50}},"57":{"start":{"line":58,"column":0},"end":{"line":58,"column":7}},"58":{"start":{"line":59,"column":0},"end":{"line":59,"column":25}},"59":{"start":{"line":60,"column":0},"end":{"line":60,"column":82}},"60":{"start":{"line":61,"column":0},"end":{"line":61,"column":81}},"61":{"start":{"line":62,"column":0},"end":{"line":62,"column":8}},"62":{"start":{"line":63,"column":0},"end":{"line":63,"column":5}},"64":{"start":{"line":65,"column":0},"end":{"line":65,"column":24}},"65":{"start":{"line":66,"column":0},"end":{"line":66,"column":49}},"66":{"start":{"line":67,"column":0},"end":{"line":67,"column":5}},"67":{"start":{"line":68,"column":0},"end":{"line":68,"column":3}},"70":{"start":{"line":71,"column":0},"end":{"line":71,"column":60}},"71":{"start":{"line":72,"column":0},"end":{"line":72,"column":71}},"72":{"start":{"line":73,"column":0},"end":{"line":73,"column":30}},"73":{"start":{"line":74,"column":0},"end":{"line":74,"column":64}},"74":{"start":{"line":75,"column":0},"end":{"line":75,"column":7}},"75":{"start":{"line":76,"column":0},"end":{"line":76,"column":5}},"77":{"start":{"line":78,"column":0},"end":{"line":78,"column":36}},"78":{"start":{"line":79,"column":0},"end":{"line":79,"column":26}},"79":{"start":{"line":80,"column":0},"end":{"line":80,"column":80}},"80":{"start":{"line":81,"column":0},"end":{"line":81,"column":66}},"81":{"start":{"line":82,"column":0},"end":{"line":82,"column":56}},"82":{"start":{"line":83,"column":0},"end":{"line":83,"column":5}},"84":{"start":{"line":85,"column":0},"end":{"line":85,"column":41}},"85":{"start":{"line":86,"column":0},"end":{"line":86,"column":26}},"86":{"start":{"line":87,"column":0},"end":{"line":87,"column":80}},"87":{"start":{"line":88,"column":0},"end":{"line":88,"column":66}},"88":{"start":{"line":89,"column":0},"end":{"line":89,"column":56}},"89":{"start":{"line":90,"column":0},"end":{"line":90,"column":5}},"91":{"start":{"line":92,"column":0},"end":{"line":92,"column":41}},"92":{"start":{"line":93,"column":0},"end":{"line":93,"column":26}},"93":{"start":{"line":94,"column":0},"end":{"line":94,"column":41}},"94":{"start":{"line":95,"column":0},"end":{"line":95,"column":44}},"95":{"start":{"line":96,"column":0},"end":{"line":96,"column":8}},"96":{"start":{"line":97,"column":0},"end":{"line":97,"column":5}},"98":{"start":{"line":99,"column":0},"end":{"line":99,"column":39}},"99":{"start":{"line":100,"column":0},"end":{"line":100,"column":34}},"100":{"start":{"line":101,"column":0},"end":{"line":101,"column":64}},"101":{"start":{"line":102,"column":0},"end":{"line":102,"column":7}},"102":{"start":{"line":103,"column":0},"end":{"line":103,"column":26}},"103":{"start":{"line":104,"column":0},"end":{"line":104,"column":43}},"104":{"start":{"line":105,"column":0},"end":{"line":105,"column":42}},"105":{"start":{"line":106,"column":0},"end":{"line":106,"column":8}},"106":{"start":{"line":107,"column":0},"end":{"line":107,"column":5}},"108":{"start":{"line":109,"column":0},"end":{"line":109,"column":24}},"109":{"start":{"line":110,"column":0},"end":{"line":110,"column":53}},"110":{"start":{"line":111,"column":0},"end":{"line":111,"column":5}},"111":{"start":{"line":112,"column":0},"end":{"line":112,"column":3}}},"s":{"9":1,"10":1,"12":1,"13":4,"14":4,"16":1,"17":4,"18":2,"19":2,"20":2,"21":4,"23":1,"24":2,"25":2,"26":1,"29":1,"30":1,"32":1,"33":1,"34":1,"35":1,"36":1,"37":1,"39":1,"40":1,"41":1,"42":1,"43":1,"44":1,"46":1,"47":1,"48":1,"49":1,"50":1,"51":1,"53":1,"54":2,"55":2,"56":1,"57":1,"58":1,"59":1,"60":1,"61":1,"62":2,"64":1,"65":0,"66":0,"67":1,"70":1,"71":1,"72":10,"73":1,"74":1,"75":10,"77":1,"78":1,"79":1,"80":1,"81":1,"82":1,"84":1,"85":1,"86":1,"87":1,"88":1,"89":1,"91":1,"92":1,"93":1,"94":1,"95":1,"96":1,"98":1,"99":2,"100":1,"101":1,"102":1,"103":1,"104":1,"105":1,"106":2,"108":1,"109":0,"110":0,"111":1},"branchMap":{"0":{"type":"branch","line":11,"loc":{"start":{"line":11,"column":12},"end":{"line":11,"column":31}},"locations":[{"start":{"line":11,"column":12},"end":{"line":11,"column":31}}]},"1":{"type":"branch","line":13,"loc":{"start":{"line":13,"column":4},"end":{"line":15,"column":5}},"locations":[{"start":{"line":13,"column":4},"end":{"line":15,"column":5}}]},"2":{"type":"branch","line":17,"loc":{"start":{"line":17,"column":4},"end":{"line":22,"column":5}},"locations":[{"start":{"line":17,"column":4},"end":{"line":22,"column":5}}]},"3":{"type":"branch","line":18,"loc":{"start":{"line":18,"column":54},"end":{"line":21,"column":34}},"locations":[{"start":{"line":18,"column":54},"end":{"line":21,"column":34}}]},"4":{"type":"branch","line":24,"loc":{"start":{"line":24,"column":4},"end":{"line":26,"column":5}},"locations":[{"start":{"line":24,"column":4},"end":{"line":26,"column":5}}]},"5":{"type":"branch","line":31,"loc":{"start":{"line":31,"column":4},"end":{"line":31,"column":65}},"locations":[{"start":{"line":31,"column":4},"end":{"line":31,"column":65}}]},"6":{"type":"branch","line":33,"loc":{"start":{"line":33,"column":4},"end":{"line":38,"column":5}},"locations":[{"start":{"line":33,"column":4},"end":{"line":38,"column":5}}]},"7":{"type":"branch","line":40,"loc":{"start":{"line":40,"column":4},"end":{"line":45,"column":5}},"locations":[{"start":{"line":40,"column":4},"end":{"line":45,"column":5}}]},"8":{"type":"branch","line":47,"loc":{"start":{"line":47,"column":4},"end":{"line":52,"column":5}},"locations":[{"start":{"line":47,"column":4},"end":{"line":52,"column":5}}]},"9":{"type":"branch","line":54,"loc":{"start":{"line":54,"column":4},"end":{"line":63,"column":5}},"locations":[{"start":{"line":54,"column":4},"end":{"line":63,"column":5}}]},"10":{"type":"branch","line":56,"loc":{"start":{"line":56,"column":29},"end":{"line":62,"column":8}},"locations":[{"start":{"line":56,"column":29},"end":{"line":62,"column":8}}]},"11":{"type":"branch","line":72,"loc":{"start":{"line":72,"column":4},"end":{"line":76,"column":5}},"locations":[{"start":{"line":72,"column":4},"end":{"line":76,"column":5}}]},"12":{"type":"branch","line":73,"loc":{"start":{"line":73,"column":29},"end":{"line":75,"column":7}},"locations":[{"start":{"line":73,"column":29},"end":{"line":75,"column":7}}]},"13":{"type":"branch","line":78,"loc":{"start":{"line":78,"column":4},"end":{"line":83,"column":5}},"locations":[{"start":{"line":78,"column":4},"end":{"line":83,"column":5}}]},"14":{"type":"branch","line":85,"loc":{"start":{"line":85,"column":4},"end":{"line":90,"column":5}},"locations":[{"start":{"line":85,"column":4},"end":{"line":90,"column":5}}]},"15":{"type":"branch","line":92,"loc":{"start":{"line":92,"column":4},"end":{"line":97,"column":5}},"locations":[{"start":{"line":92,"column":4},"end":{"line":97,"column":5}}]},"16":{"type":"branch","line":99,"loc":{"start":{"line":99,"column":4},"end":{"line":107,"column":5}},"locations":[{"start":{"line":99,"column":4},"end":{"line":107,"column":5}}]},"17":{"type":"branch","line":100,"loc":{"start":{"line":100,"column":33},"end":{"line":106,"column":8}},"locations":[{"start":{"line":100,"column":33},"end":{"line":106,"column":8}}]}},"b":{"0":[2],"1":[4],"2":[4],"3":[2],"4":[2],"5":[9],"6":[1],"7":[1],"8":[1],"9":[2],"10":[1],"11":[10],"12":[1],"13":[1],"14":[1],"15":[1],"16":[2],"17":[1]},"fnMap":{"0":{"name":"<instance_members_initializer>","decl":{"start":{"line":11,"column":12},"end":{"line":11,"column":31}},"loc":{"start":{"line":11,"column":12},"end":{"line":11,"column":31}},"line":11},"1":{"name":"addArithmeticable","decl":{"start":{"line":13,"column":4},"end":{"line":15,"column":5}},"loc":{"start":{"line":13,"column":4},"end":{"line":15,"column":5}},"line":13},"2":{"name":"getArithmeticable","decl":{"start":{"line":17,"column":4},"end":{"line":22,"column":5}},"loc":{"start":{"line":17,"column":4},"end":{"line":22,"column":5}},"line":17},"3":{"name":"getNumberOfArithmeticables","decl":{"start":{"line":24,"column":4},"end":{"line":26,"column":5}},"loc":{"start":{"line":24,"column":4},"end":{"line":26,"column":5}},"line":24},"4":{"name":"Complex","decl":{"start":{"line":31,"column":4},"end":{"line":31,"column":65}},"loc":{"start":{"line":31,"column":4},"end":{"line":31,"column":65}},"line":31},"5":{"name":"add","decl":{"start":{"line":33,"column":4},"end":{"line":38,"column":5}},"loc":{"start":{"line":33,"column":4},"end":{"line":38,"column":5}},"line":33},"6":{"name":"subtract","decl":{"start":{"line":40,"column":4},"end":{"line":45,"column":5}},"loc":{"start":{"line":40,"column":4},"end":{"line":45,"column":5}},"line":40},"7":{"name":"multiply","decl":{"start":{"line":47,"column":4},"end":{"line":52,"column":5}},"loc":{"start":{"line":47,"column":4},"end":{"line":52,"column":5}},"line":47},"8":{"name":"divide","decl":{"start":{"line":54,"column":4},"end":{"line":63,"column":5}},"loc":{"start":{"line":54,"column":4},"end":{"line":63,"column":5}},"line":54},"9":{"name":"toString","decl":{"start":{"line":65,"column":4},"end":{"line":67,"column":5}},"loc":{"start":{"line":65,"column":4},"end":{"line":67,"column":5}},"line":65},"10":{"name":"Rational","decl":{"start":{"line":72,"column":4},"end":{"line":76,"column":5}},"loc":{"start":{"line":72,"column":4},"end":{"line":76,"column":5}},"line":72},"11":{"name":"add","decl":{"start":{"line":78,"column":4},"end":{"line":83,"column":5}},"loc":{"start":{"line":78,"column":4},"end":{"line":83,"column":5}},"line":78},"12":{"name":"subtract","decl":{"start":{"line":85,"column":4},"end":{"line":90,"column":5}},"loc":{"start":{"line":85,"column":4},"end":{"line":90,"column":5}},"line":85},"13":{"name":"multiply","decl":{"start":{"line":92,"column":4},"end":{"line":97,"column":5}},"loc":{"start":{"line":92,"column":4},"end":{"line":97,"column":5}},"line":92},"14":{"name":"divide","decl":{"start":{"line":99,"column":4},"end":{"line":107,"column":5}},"loc":{"start":{"line":99,"column":4},"end":{"line":107,"column":5}},"line":99},"15":{"name":"toString","decl":{"start":{"line":109,"column":4},"end":{"line":111,"column":5}},"loc":{"start":{"line":109,"column":4},"end":{"line":111,"column":5}},"line":109}},"f":{"0":2,"1":4,"2":4,"3":2,"4":9,"5":1,"6":1,"7":1,"8":2,"9":0,"10":10,"11":1,"12":1,"13":1,"14":2,"15":0}}
,"/home/usuario/prct06-generics-solid-Adrian-LD/src/modi/NumericPrintableCollection.ts": {"path":"/home/usuario/prct06-generics-solid-Adrian-LD/src/modi/NumericPrintableCollection.ts","all":false,"statementMap":{"0":{"start":{"line":1,"column":0},"end":{"line":1,"column":56}},"7":{"start":{"line":8,"column":0},"end":{"line":8,"column":77}},"13":{"start":{"line":14,"column":0},"end":{"line":14,"column":39}},"14":{"start":{"line":15,"column":0},"end":{"line":15,"column":24}},"15":{"start":{"line":16,"column":0},"end":{"line":16,"column":36}},"16":{"start":{"line":17,"column":0},"end":{"line":17,"column":3}},"22":{"start":{"line":23,"column":0},"end":{"line":23,"column":19}},"23":{"start":{"line":24,"column":0},"end":{"line":24,"column":38}},"24":{"start":{"line":25,"column":0},"end":{"line":25,"column":3}},"26":{"start":{"line":27,"column":0},"end":{"line":27,"column":32}},"28":{"start":{"line":29,"column":0},"end":{"line":29,"column":1}}},"s":{"0":1,"7":1,"13":1,"14":5,"15":5,"16":5,"22":1,"23":1,"24":1,"26":1,"28":1},"branchMap":{"0":{"type":"branch","line":14,"loc":{"start":{"line":14,"column":2},"end":{"line":17,"column":3}},"locations":[{"start":{"line":14,"column":2},"end":{"line":17,"column":3}}]},"1":{"type":"branch","line":23,"loc":{"start":{"line":23,"column":2},"end":{"line":25,"column":3}},"locations":[{"start":{"line":23,"column":2},"end":{"line":25,"column":3}}]},"2":{"type":"branch","line":27,"loc":{"start":{"line":27,"column":10},"end":{"line":27,"column":32}},"locations":[{"start":{"line":27,"column":10},"end":{"line":27,"column":32}}]}},"b":{"0":[5],"1":[1],"2":[5]},"fnMap":{"0":{"name":"NumericPrintableCollection","decl":{"start":{"line":14,"column":2},"end":{"line":17,"column":3}},"loc":{"start":{"line":14,"column":2},"end":{"line":17,"column":3}},"line":14},"1":{"name":"print","decl":{"start":{"line":23,"column":2},"end":{"line":25,"column":3}},"loc":{"start":{"line":23,"column":2},"end":{"line":25,"column":3}},"line":23},"2":{"name":"<instance_members_initializer>","decl":{"start":{"line":27,"column":10},"end":{"line":27,"column":32}},"loc":{"start":{"line":27,"column":10},"end":{"line":27,"column":32}},"line":27}},"f":{"0":5,"1":1,"2":5}}
,"/home/usuario/prct06-generics-solid-Adrian-LD/src/modi/Printable.ts": {"path":"/home/usuario/prct06-generics-solid-Adrian-LD/src/modi/Printable.ts","all":true,"statementMap":{},"s":{},"branchMap":{"0":{"type":"branch","line":1,"loc":{"start":{"line":1,"column":202},"end":{"line":10,"column":1}},"locations":[{"start":{"line":1,"column":202},"end":{"line":10,"column":1}}]}},"b":{"0":[1]},"fnMap":{"0":{"name":"(empty-report)","decl":{"start":{"line":1,"column":202},"end":{"line":10,"column":1}},"loc":{"start":{"line":1,"column":202},"end":{"line":10,"column":1}},"line":1}},"f":{"0":1}}
,"/home/usuario/prct06-generics-solid-Adrian-LD/src/modi/PrintableCollection.ts": {"path":"/home/usuario/prct06-generics-solid-Adrian-LD/src/modi/PrintableCollection.ts","all":false,"statementMap":{"9":{"start":{"line":10,"column":0},"end":{"line":10,"column":83}},"15":{"start":{"line":16,"column":0},"end":{"line":16,"column":31}},"16":{"start":{"line":17,"column":0},"end":{"line":17,"column":26}},"17":{"start":{"line":18,"column":0},"end":{"line":18,"column":4}},"23":{"start":{"line":24,"column":0},"end":{"line":24,"column":32}},"24":{"start":{"line":25,"column":0},"end":{"line":25,"column":32}},"25":{"start":{"line":26,"column":0},"end":{"line":26,"column":4}},"31":{"start":{"line":32,"column":0},"end":{"line":32,"column":27}},"32":{"start":{"line":33,"column":0},"end":{"line":33,"column":27}},"33":{"start":{"line":34,"column":0},"end":{"line":34,"column":4}},"40":{"start":{"line":41,"column":0},"end":{"line":41,"column":31}},"41":{"start":{"line":42,"column":0},"end":{"line":42,"column":29}},"42":{"start":{"line":43,"column":0},"end":{"line":43,"column":4}},"49":{"start":{"line":50,"column":0},"end":{"line":50,"column":30}},"50":{"start":{"line":51,"column":0},"end":{"line":51,"column":49}},"51":{"start":{"line":52,"column":0},"end":{"line":52,"column":35}},"52":{"start":{"line":53,"column":0},"end":{"line":53,"column":34}},"53":{"start":{"line":54,"column":0},"end":{"line":54,"column":16}},"54":{"start":{"line":55,"column":0},"end":{"line":55,"column":7}},"55":{"start":{"line":56,"column":0},"end":{"line":56,"column":5}},"56":{"start":{"line":57,"column":0},"end":{"line":57,"column":4}},"64":{"start":{"line":65,"column":0},"end":{"line":65,"column":23}},"65":{"start":{"line":66,"column":0},"end":{"line":66,"column":3}}},"s":{"9":1,"15":1,"16":5,"17":5,"23":1,"24":7,"25":7,"31":1,"32":1,"33":1,"40":1,"41":3,"42":3,"49":1,"50":1,"51":2,"52":1,"53":1,"54":1,"55":2,"56":1,"64":1,"65":1},"branchMap":{"0":{"type":"branch","line":16,"loc":{"start":{"line":16,"column":2},"end":{"line":18,"column":4}},"locations":[{"start":{"line":16,"column":2},"end":{"line":18,"column":4}}]},"1":{"type":"branch","line":24,"loc":{"start":{"line":24,"column":3},"end":{"line":26,"column":4}},"locations":[{"start":{"line":24,"column":3},"end":{"line":26,"column":4}}]},"2":{"type":"branch","line":32,"loc":{"start":{"line":32,"column":3},"end":{"line":34,"column":4}},"locations":[{"start":{"line":32,"column":3},"end":{"line":34,"column":4}}]},"3":{"type":"branch","line":41,"loc":{"start":{"line":41,"column":3},"end":{"line":43,"column":4}},"locations":[{"start":{"line":41,"column":3},"end":{"line":43,"column":4}}]},"4":{"type":"branch","line":50,"loc":{"start":{"line":50,"column":3},"end":{"line":57,"column":4}},"locations":[{"start":{"line":50,"column":3},"end":{"line":57,"column":4}}]},"5":{"type":"branch","line":51,"loc":{"start":{"line":51,"column":48},"end":{"line":56,"column":5}},"locations":[{"start":{"line":51,"column":48},"end":{"line":56,"column":5}}]},"6":{"type":"branch","line":52,"loc":{"start":{"line":52,"column":34},"end":{"line":55,"column":7}},"locations":[{"start":{"line":52,"column":34},"end":{"line":55,"column":7}}]},"7":{"type":"branch","line":65,"loc":{"start":{"line":65,"column":12},"end":{"line":65,"column":23}},"locations":[{"start":{"line":65,"column":12},"end":{"line":65,"column":23}}]}},"b":{"0":[5],"1":[7],"2":[1],"3":[3],"4":[1],"5":[2],"6":[1],"7":[5]},"fnMap":{"0":{"name":"PrintableCollection","decl":{"start":{"line":16,"column":2},"end":{"line":18,"column":4}},"loc":{"start":{"line":16,"column":2},"end":{"line":18,"column":4}},"line":16},"1":{"name":"getItem","decl":{"start":{"line":24,"column":3},"end":{"line":26,"column":4}},"loc":{"start":{"line":24,"column":3},"end":{"line":26,"column":4}},"line":24},"2":{"name":"addItem","decl":{"start":{"line":32,"column":3},"end":{"line":34,"column":4}},"loc":{"start":{"line":32,"column":3},"end":{"line":34,"column":4}},"line":32},"3":{"name":"getNumberOfItems","decl":{"start":{"line":41,"column":3},"end":{"line":43,"column":4}},"loc":{"start":{"line":41,"column":3},"end":{"line":43,"column":4}},"line":41},"4":{"name":"removeItem","decl":{"start":{"line":50,"column":3},"end":{"line":57,"column":4}},"loc":{"start":{"line":50,"column":3},"end":{"line":57,"column":4}},"line":50},"5":{"name":"<instance_members_initializer>","decl":{"start":{"line":65,"column":12},"end":{"line":65,"column":23}},"loc":{"start":{"line":65,"column":12},"end":{"line":65,"column":23}},"line":65}},"f":{"0":5,"1":7,"2":1,"3":3,"4":1,"5":5}}
,"/home/usuario/prct06-generics-solid-Adrian-LD/src/modi/StringPrintableCollection.ts": {"path":"/home/usuario/prct06-generics-solid-Adrian-LD/src/modi/StringPrintableCollection.ts","all":true,"statementMap":{},"s":{},"branchMap":{"0":{"type":"branch","line":1,"loc":{"start":{"line":1,"column":0},"end":{"line":1,"column":0}},"locations":[{"start":{"line":1,"column":0},"end":{"line":1,"column":0}}]}},"b":{"0":[1]},"fnMap":{"0":{"name":"(empty-report)","decl":{"start":{"line":1,"column":0},"end":{"line":1,"column":0}},"loc":{"start":{"line":1,"column":0},"end":{"line":1,"column":0}},"line":1}},"f":{"0":1}}
,"/home/usuario/prct06-generics-solid-Adrian-LD/src/modi/collectable.ts": {"path":"/home/usuario/prct06-generics-solid-Adrian-LD/src/modi/collectable.ts","all":true,"statementMap":{},"s":{},"branchMap":{"0":{"type":"branch","line":1,"loc":{"start":{"line":1,"column":795},"end":{"line":37,"column":1}},"locations":[{"start":{"line":1,"column":795},"end":{"line":37,"column":1}}]}},"b":{"0":[1]},"fnMap":{"0":{"name":"(empty-report)","decl":{"start":{"line":1,"column":795},"end":{"line":37,"column":1}},"loc":{"start":{"line":1,"column":795},"end":{"line":37,"column":1}},"line":1}},"f":{"0":1}}
}
